c:\users\ruben\documents\uoc\programaciongrafica\pec1\paratrooper\_build\obj\x64\debug\game-premake-main\vc143.pdb
c:\users\ruben\documents\uoc\programaciongrafica\pec1\paratrooper\_build\obj\x64\debug\game-premake-main\vc143.idb
c:\users\ruben\documents\uoc\programaciongrafica\pec1\paratrooper\_build\obj\x64\debug\game-premake-main\texturemanager.obj
c:\users\ruben\documents\uoc\programaciongrafica\pec1\paratrooper\_build\obj\x64\debug\game-premake-main\soldier.obj
c:\users\ruben\documents\uoc\programaciongrafica\pec1\paratrooper\_build\obj\x64\debug\game-premake-main\screen_title.obj
c:\users\ruben\documents\uoc\programaciongrafica\pec1\paratrooper\_build\obj\x64\debug\game-premake-main\screen_options.obj
c:\users\ruben\documents\uoc\programaciongrafica\pec1\paratrooper\_build\obj\x64\debug\game-premake-main\screen_logo.obj
c:\users\ruben\documents\uoc\programaciongrafica\pec1\paratrooper\_build\obj\x64\debug\game-premake-main\screen_gameplay.obj
c:\users\ruben\documents\uoc\programaciongrafica\pec1\paratrooper\_build\obj\x64\debug\game-premake-main\screen_ending.obj
c:\users\ruben\documents\uoc\programaciongrafica\pec1\paratrooper\_build\obj\x64\debug\game-premake-main\paratrooper.obj
c:\users\ruben\documents\uoc\programaciongrafica\pec1\paratrooper\_build\obj\x64\debug\game-premake-main\main.obj
c:\users\ruben\documents\uoc\programaciongrafica\pec1\paratrooper\_build\obj\x64\debug\game-premake-main\helicopter.obj
c:\users\ruben\documents\uoc\programaciongrafica\pec1\paratrooper\_build\obj\x64\debug\game-premake-main\gamemanager.obj
c:\users\ruben\documents\uoc\programaciongrafica\pec1\paratrooper\_build\obj\x64\debug\game-premake-main\enemymanager.obj
c:\users\ruben\documents\uoc\programaciongrafica\pec1\paratrooper\_build\obj\x64\debug\game-premake-main\audiomanager.obj
c:\users\ruben\documents\uoc\programaciongrafica\pec1\paratrooper\_build\obj\x64\debug\game-premake-main\player.obj
c:\users\ruben\documents\uoc\programaciongrafica\pec1\paratrooper\_bin\debug\game-premake-main.exe
c:\users\ruben\documents\uoc\programaciongrafica\pec1\paratrooper\_build\obj\x64\debug\game-premake-main\game-premake-main.ilk
c:\users\ruben\documents\uoc\programaciongrafica\pec1\paratrooper\_bin\debug\game-premake-main.pdb
c:\users\ruben\documents\uoc\programaciongrafica\pec1\paratrooper\_build\obj\x64\debug\game-premake-main\screen_gameplay.obj.enc
c:\users\ruben\documents\uoc\programaciongrafica\pec1\paratrooper\_build\obj\x64\debug\game-premake-main\paratrooper.tlog\cl.command.1.tlog
c:\users\ruben\documents\uoc\programaciongrafica\pec1\paratrooper\_build\obj\x64\debug\game-premake-main\paratrooper.tlog\cl.read.1.tlog
c:\users\ruben\documents\uoc\programaciongrafica\pec1\paratrooper\_build\obj\x64\debug\game-premake-main\paratrooper.tlog\cl.write.1.tlog
c:\users\ruben\documents\uoc\programaciongrafica\pec1\paratrooper\_build\obj\x64\debug\game-premake-main\paratrooper.tlog\link.command.1.tlog
c:\users\ruben\documents\uoc\programaciongrafica\pec1\paratrooper\_build\obj\x64\debug\game-premake-main\paratrooper.tlog\link.read.1.tlog
c:\users\ruben\documents\uoc\programaciongrafica\pec1\paratrooper\_build\obj\x64\debug\game-premake-main\paratrooper.tlog\link.write.1.tlog
