C:\Program Files\Microsoft Visual Studio\2022\Community\MSBuild\Microsoft\VC\v170\Microsoft.CppBuild.targets(534,5): warning MSB8028: El directorio intermedio (obj\x64\Debug\game-premake-main\) contiene archivos compartidos de otro proyecto (game-premake-main.vcxproj). Esto puede dar lugar a un comportamiento incorrecto de limpieza y recompilación.
  AudioManager.cpp
  EnemyManager.cpp
C:\Users\ruben\Documents\UOC\ProgramacionGrafica\PEC1\Paratrooper\_build\EnemyManager.cpp(51,57): warning C4267: 'argumento': conversión de 'size_t' a 'int'; posible pérdida de datos
  GameManager.cpp
  Helicopter.cpp
C:\Users\ruben\Documents\UOC\ProgramacionGrafica\PEC1\Paratrooper\_build\Helicopter.cpp(16,25): warning C4244: '=': conversión de 'int' a 'float'; posible pérdida de datos
C:\Users\ruben\Documents\UOC\ProgramacionGrafica\PEC1\Paratrooper\_build\Helicopter.cpp(17,25): warning C4244: '=': conversión de 'int' a 'float'; posible pérdida de datos
C:\Users\ruben\Documents\UOC\ProgramacionGrafica\PEC1\Paratrooper\_build\Helicopter.cpp(18,46): warning C4244: '=': conversión de 'int' a 'float'; posible pérdida de datos
C:\Users\ruben\Documents\UOC\ProgramacionGrafica\PEC1\Paratrooper\_build\Helicopter.cpp(19,47): warning C4244: '=': conversión de 'int' a 'float'; posible pérdida de datos
C:\Users\ruben\Documents\UOC\ProgramacionGrafica\PEC1\Paratrooper\_build\Helicopter.cpp(31,26): warning C4244: '=': conversión de 'int' a 'float'; posible pérdida de datos
  Paratrooper.cpp
C:\Users\ruben\Documents\UOC\ProgramacionGrafica\PEC1\Paratrooper\_build\Screen_Gameplay.h(56,34): warning C4244: 'inicializando': conversión de 'float' a 'int'; posible pérdida de datos
C:\Users\ruben\Documents\UOC\ProgramacionGrafica\PEC1\Paratrooper\_build\Screen_Gameplay.h(57,35): warning C4244: 'inicializando': conversión de 'float' a 'int'; posible pérdida de datos
  Player.cpp
C:\Users\ruben\Documents\UOC\ProgramacionGrafica\PEC1\Paratrooper\_build\Player.cpp(20,46): warning C4244: 'argumento': conversión de 'float' a 'int'; posible pérdida de datos
C:\Users\ruben\Documents\UOC\ProgramacionGrafica\PEC1\Paratrooper\_build\Player.cpp(50,50): warning C4838: la conversión de 'int' en 'float' requiere una conversión de restricción
C:\Users\ruben\Documents\UOC\ProgramacionGrafica\PEC1\Paratrooper\_build\Player.cpp(50,50): warning C4244: 'inicializando': conversión de 'int' a 'float'; posible pérdida de datos
  Screen_Ending.cpp
  Screen_Gameplay.cpp
C:\Users\ruben\Documents\UOC\ProgramacionGrafica\PEC1\Paratrooper\_build\Screen_Gameplay.h(56,34): warning C4244: 'inicializando': conversión de 'float' a 'int'; posible pérdida de datos
C:\Users\ruben\Documents\UOC\ProgramacionGrafica\PEC1\Paratrooper\_build\Screen_Gameplay.h(57,35): warning C4244: 'inicializando': conversión de 'float' a 'int'; posible pérdida de datos
C:\Users\ruben\Documents\UOC\ProgramacionGrafica\PEC1\Paratrooper\_build\Screen_Gameplay.cpp(91,23): warning C4244: '=': conversión de 'float' a 'int'; posible pérdida de datos
C:\Users\ruben\Documents\UOC\ProgramacionGrafica\PEC1\Paratrooper\_build\Screen_Gameplay.cpp(109,71): warning C4244: 'argumento': conversión de 'int' a 'float'; posible pérdida de datos
C:\Users\ruben\Documents\UOC\ProgramacionGrafica\PEC1\Paratrooper\_build\Screen_Gameplay.cpp(125,71): warning C4244: 'argumento': conversión de 'int' a 'float'; posible pérdida de datos
C:\Users\ruben\Documents\UOC\ProgramacionGrafica\PEC1\Paratrooper\_build\Screen_Gameplay.cpp(176,58): warning C4244: 'argumento': conversión de 'int' a 'float'; posible pérdida de datos
C:\Users\ruben\Documents\UOC\ProgramacionGrafica\PEC1\Paratrooper\_build\Screen_Gameplay.cpp(176,52): warning C4244: 'argumento': conversión de 'float' a 'int'; posible pérdida de datos
C:\Users\ruben\Documents\UOC\ProgramacionGrafica\PEC1\Paratrooper\_build\Screen_Gameplay.cpp(176,36): warning C4244: 'argumento': conversión de 'float' a 'int'; posible pérdida de datos
  Screen_Logo.cpp
  Screen_Options.cpp
  Screen_Title.cpp
  Soldier.cpp
C:\Users\ruben\Documents\UOC\ProgramacionGrafica\PEC1\Paratrooper\_build\Soldier.cpp(10,25): warning C4244: '=': conversión de 'int' a 'float'; posible pérdida de datos
C:\Users\ruben\Documents\UOC\ProgramacionGrafica\PEC1\Paratrooper\_build\Soldier.cpp(11,25): warning C4244: '=': conversión de 'int' a 'float'; posible pérdida de datos
C:\Users\ruben\Documents\UOC\ProgramacionGrafica\PEC1\Paratrooper\_build\Soldier.cpp(12,43): warning C4244: '=': conversión de 'int' a 'float'; posible pérdida de datos
C:\Users\ruben\Documents\UOC\ProgramacionGrafica\PEC1\Paratrooper\_build\Soldier.cpp(13,44): warning C4244: '=': conversión de 'int' a 'float'; posible pérdida de datos
C:\Users\ruben\Documents\UOC\ProgramacionGrafica\PEC1\Paratrooper\_build\Soldier.cpp(30,26): warning C4244: '=': conversión de 'int' a 'float'; posible pérdida de datos
  TextureManager.cpp
  Generando código...
  game-premake-main.vcxproj -> C:\Users\ruben\Documents\UOC\ProgramacionGrafica\PEC1\Paratrooper\_bin\Debug\game-premake-main.exe
